<?xml version="1.0" encoding="UTF-8"?>
<robot generator="Robot 3.1.2 (Python 3.6.5 on win32)" generated="20190928 18:48:00.303" rpa="false">
<suite id="s1" name="Claseif" source="C:\development\Ejer\Test\claseif.robot">
<test id="s1-t1" name="001 Caso con Condicionales">
<kw name="Open Browser" library="SeleniumLibrary">
<doc>Opens a new browser instance to the given ``url``.</doc>
<arguments>
<arg>${homepage}</arg>
<arg>${browser}</arg>
</arguments>
<msg timestamp="20190928 18:48:00.568" level="INFO">Opening browser 'chrome' to base url 'http://automationpractice.com/index.php'.</msg>
<status status="PASS" starttime="20190928 18:48:00.568" endtime="20190928 18:48:09.356"></status>
</kw>
<kw name="Wait Until Element Is Visible" library="SeleniumLibrary">
<doc>Waits until element ``locator`` is visible.</doc>
<arguments>
<arg>xpath=//*[@id="header_logo"]/a/img</arg>
</arguments>
<status status="PASS" starttime="20190928 18:48:09.357" endtime="20190928 18:48:09.404"></status>
</kw>
<kw name="Run Keyword If" library="BuiltIn">
<doc>Runs the given keyword with the given arguments, if ``condition`` is true.</doc>
<arguments>
<arg>'${Seleccion}'=='Women'</arg>
<arg>Select Women Option</arg>
</arguments>
<status status="PASS" starttime="20190928 18:48:09.404" endtime="20190928 18:48:09.405"></status>
</kw>
<kw name="Close Browser" library="SeleniumLibrary">
<doc>Closes the current browser.</doc>
<status status="PASS" starttime="20190928 18:48:09.405" endtime="20190928 18:48:11.690"></status>
</kw>
<status status="PASS" starttime="20190928 18:48:00.568" endtime="20190928 18:48:11.690" critical="yes"></status>
</test>
<status status="PASS" starttime="20190928 18:48:00.303" endtime="20190928 18:48:11.690"></status>
</suite>
<statistics>
<total>
<stat pass="1" fail="0">Critical Tests</stat>
<stat pass="1" fail="0">All Tests</stat>
</total>
<tag>
</tag>
<suite>
<stat pass="1" fail="0" id="s1" name="Claseif">Claseif</stat>
</suite>
</statistics>
<errors>
</errors>
</robot>
