<?xml version="1.0" encoding="UTF-8"?>
<robot generator="Robot 3.1.2 (Python 3.6.5 on win32)" generated="20191005 17:34:16.337" rpa="false">
<suite id="s1" name="Test" source="C:\development\Ejer\RunKeywordIf\test.robot">
<test id="s1-t1" name="Run-Keyword-If">
<kw name="Set Variable" library="BuiltIn">
<doc>Returns the given values which can then be assigned to a variables.</doc>
<arguments>
<arg>CAT</arg>
</arguments>
<assign>
<var>${TYPE}</var>
</assign>
<msg timestamp="20191005 17:34:16.632" level="INFO">${TYPE} = CAT</msg>
<status status="PASS" starttime="20191005 17:34:16.632" endtime="20191005 17:34:16.632"></status>
</kw>
<kw name="Log To Console" library="BuiltIn">
<doc>Logs the given message to the console.</doc>
<arguments>
<arg>${TYPE}</arg>
</arguments>
<status status="PASS" starttime="20191005 17:34:16.633" endtime="20191005 17:34:16.633"></status>
</kw>
<kw name="Run Keyword If" library="BuiltIn">
<doc>Runs the given keyword with the given arguments, if ``condition`` is true.</doc>
<arguments>
<arg>'${TYPE}'=='DOG'</arg>
<arg>log</arg>
<arg>Testing Variant 1</arg>
</arguments>
<status status="PASS" starttime="20191005 17:34:16.634" endtime="20191005 17:34:16.634"></status>
</kw>
<kw name="Run Keyword If" library="BuiltIn">
<doc>Runs the given keyword with the given arguments, if ``condition`` is true.</doc>
<arguments>
<arg>'${TYPE}'=='CAT'</arg>
<arg>log</arg>
<arg>Testing Variant 2</arg>
</arguments>
<kw name="Log" library="BuiltIn">
<doc>Logs the given message with the given level.</doc>
<arguments>
<arg>Testing Variant 2</arg>
</arguments>
<msg timestamp="20191005 17:34:16.635" level="INFO">Testing Variant 2</msg>
<status status="PASS" starttime="20191005 17:34:16.635" endtime="20191005 17:34:16.635"></status>
</kw>
<status status="PASS" starttime="20191005 17:34:16.635" endtime="20191005 17:34:16.636"></status>
</kw>
<kw name="Run Keyword If" library="BuiltIn">
<doc>Runs the given keyword with the given arguments, if ``condition`` is true.</doc>
<arguments>
<arg>'${TYPE}'=='Duck'</arg>
<arg>log</arg>
<arg>Testing Variant 3</arg>
</arguments>
<status status="PASS" starttime="20191005 17:34:16.636" endtime="20191005 17:34:16.636"></status>
</kw>
<status status="PASS" starttime="20191005 17:34:16.631" endtime="20191005 17:34:16.637" critical="yes"></status>
</test>
<test id="s1-t2" name="Run-Keyword-Ignore-Error">
<kw name="Create List" library="BuiltIn">
<doc>Returns a list containing given items.</doc>
<arguments>
<arg>Dog</arg>
<arg>Cat</arg>
<arg>Duck</arg>
</arguments>
<assign>
<var>@{item}</var>
</assign>
<msg timestamp="20191005 17:34:16.640" level="INFO">@{item} = [ Dog | Cat | Duck ]</msg>
<status status="PASS" starttime="20191005 17:34:16.640" endtime="20191005 17:34:16.640"></status>
</kw>
<kw name="Run Keyword And Ignore Error" library="BuiltIn">
<doc>Runs the given keyword with the given arguments and ignores possible error.</doc>
<arguments>
<arg>Should Not Be Empty</arg>
<arg>${item}</arg>
</arguments>
<kw name="Should Not Be Empty" library="BuiltIn">
<doc>Verifies that the given item is not empty.</doc>
<arguments>
<arg>${item}</arg>
</arguments>
<msg timestamp="20191005 17:34:16.641" level="INFO">Length is 3</msg>
<status status="PASS" starttime="20191005 17:34:16.641" endtime="20191005 17:34:16.642"></status>
</kw>
<status status="PASS" starttime="20191005 17:34:16.641" endtime="20191005 17:34:16.642"></status>
</kw>
<status status="PASS" starttime="20191005 17:34:16.639" endtime="20191005 17:34:16.642" critical="yes"></status>
</test>
<status status="PASS" starttime="20191005 17:34:16.339" endtime="20191005 17:34:16.644"></status>
</suite>
<statistics>
<total>
<stat pass="2" fail="0">Critical Tests</stat>
<stat pass="2" fail="0">All Tests</stat>
</total>
<tag>
</tag>
<suite>
<stat pass="2" fail="0" id="s1" name="Test">Test</stat>
</suite>
</statistics>
<errors>
</errors>
</robot>
