<?xml version="1.0" encoding="UTF-8"?>
<robot generator="Robot 3.1.2 (Python 3.6.5 on win32)" generated="20190911 23:15:43.561" rpa="false">
<suite id="s1" name="Userkeywordswithargreturn 1" source="C:\development\Test2\userkeywordswithargreturn_1.robot">
<test id="s1-t1" name="TC1">
<kw name="launchBrowser" library="resources">
<arguments>
<arg>${url}</arg>
<arg>${browser}</arg>
</arguments>
<assign>
<var>${PageTitle}</var>
</assign>
<kw name="Open Browser" library="SeleniumLibrary">
<doc>Opens a new browser instance to the given ``url``.</doc>
<arguments>
<arg>${appurl}</arg>
<arg>${appbrowser}</arg>
</arguments>
<msg timestamp="20190911 23:15:43.847" level="INFO">Opening browser 'Chrome' to base url 'http://www.newtours.demoaut.com/'.</msg>
<status status="PASS" starttime="20190911 23:15:43.847" endtime="20190911 23:15:48.098"></status>
</kw>
<kw name="Maximize Browser Window" library="SeleniumLibrary">
<doc>Maximizes current browser window.</doc>
<status status="PASS" starttime="20190911 23:15:48.099" endtime="20190911 23:15:49.226"></status>
</kw>
<kw name="Get Title" library="SeleniumLibrary">
<doc>Returns the title of current page.</doc>
<assign>
<var>${title}</var>
</assign>
<msg timestamp="20190911 23:15:49.234" level="INFO">${title} = Welcome: Mercury Tours</msg>
<status status="PASS" starttime="20190911 23:15:49.226" endtime="20190911 23:15:49.234"></status>
</kw>
<msg timestamp="20190911 23:15:49.234" level="INFO">${PageTitle} = Welcome: Mercury Tours</msg>
<status status="PASS" starttime="20190911 23:15:43.847" endtime="20190911 23:15:49.234"></status>
</kw>
<kw name="Log To Console" library="BuiltIn">
<doc>Logs the given message to the console.</doc>
<arguments>
<arg>${PageTitle}</arg>
</arguments>
<status status="PASS" starttime="20190911 23:15:49.235" endtime="20190911 23:15:49.235"></status>
</kw>
<kw name="Log" library="BuiltIn">
<doc>Logs the given message with the given level.</doc>
<arguments>
<arg>${PageTitle}</arg>
</arguments>
<msg timestamp="20190911 23:15:49.236" level="INFO">Welcome: Mercury Tours</msg>
<status status="PASS" starttime="20190911 23:15:49.236" endtime="20190911 23:15:49.236"></status>
</kw>
<kw name="Input Text" library="SeleniumLibrary">
<doc>Types the given ``text`` into text field identified by ``locator``.</doc>
<arguments>
<arg>name:userName</arg>
<arg>Mercury</arg>
</arguments>
<msg timestamp="20190911 23:15:49.237" level="INFO">Typing text 'Mercury' into text field 'name:userName'.</msg>
<status status="PASS" starttime="20190911 23:15:49.236" endtime="20190911 23:15:49.345"></status>
</kw>
<kw name="Input Text" library="SeleniumLibrary">
<doc>Types the given ``text`` into text field identified by ``locator``.</doc>
<arguments>
<arg>name:password</arg>
<arg>Mercury</arg>
</arguments>
<msg timestamp="20190911 23:15:49.347" level="INFO">Typing text 'Mercury' into text field 'name:password'.</msg>
<status status="PASS" starttime="20190911 23:15:49.346" endtime="20190911 23:15:49.488"></status>
</kw>
<status status="PASS" starttime="20190911 23:15:43.846" endtime="20190911 23:15:49.489" critical="yes"></status>
</test>
<status status="PASS" starttime="20190911 23:15:43.563" endtime="20190911 23:15:49.491"></status>
</suite>
<statistics>
<total>
<stat pass="1" fail="0">Critical Tests</stat>
<stat pass="1" fail="0">All Tests</stat>
</total>
<tag>
</tag>
<suite>
<stat pass="1" fail="0" id="s1" name="Userkeywordswithargreturn 1">Userkeywordswithargreturn 1</stat>
</suite>
</statistics>
<errors>
</errors>
</robot>
