<?xml version="1.0" encoding="UTF-8"?>
<robot generator="Robot 3.1.2 (Python 3.6.5 on win32)" generated="20191005 17:49:28.792" rpa="false">
<suite id="s1" name="Test" source="C:\development\Ejer\Utils\test.robot">
<test id="s1-t1" name="001 Abrir pagina blanca y cambiar tamano">
<kw name="Log To Console" library="BuiltIn">
<doc>Logs the given message to the console.</doc>
<arguments>
<arg>${OUTPUTDIR}</arg>
</arguments>
<status status="PASS" starttime="20191005 17:49:29.106" endtime="20191005 17:49:29.107"></status>
</kw>
<kw name="Remove Files" library="OperatingSystem">
<doc>Uses `Remove File` to remove multiple files one-by-one.</doc>
<arguments>
<arg>${OUTPUTDIR}/selenium-screenshot-*.png</arg>
</arguments>
<msg timestamp="20191005 17:49:29.110" level="INFO" html="yes">Removed file '&lt;a href="file://C:\development\Ejer\Utils\results\selenium-screenshot-1.png"&gt;C:\development\Ejer\Utils\results\selenium-screenshot-1.png&lt;/a&gt;'.</msg>
<status status="PASS" starttime="20191005 17:49:29.108" endtime="20191005 17:49:29.110"></status>
</kw>
<kw name="Sleep" library="BuiltIn">
<doc>Pauses the test executed for the given time.</doc>
<arguments>
<arg>5s</arg>
</arguments>
<msg timestamp="20191005 17:49:34.112" level="INFO">Slept 5 seconds</msg>
<status status="PASS" starttime="20191005 17:49:29.111" endtime="20191005 17:49:34.112"></status>
</kw>
<kw name="Open Browser" library="SeleniumLibrary">
<doc>Opens a new browser instance to the given ``url``.</doc>
<arguments>
<arg>about:blank</arg>
<arg>chrome</arg>
</arguments>
<msg timestamp="20191005 17:49:34.114" level="INFO">Opening browser 'chrome' to base url 'about:blank'.</msg>
<status status="PASS" starttime="20191005 17:49:34.113" endtime="20191005 17:49:36.755"></status>
</kw>
<kw name="Set Window Position" library="SeleniumLibrary">
<doc>Sets window position using ``x`` and ``y`` coordinates.</doc>
<arguments>
<arg>100</arg>
<arg>100</arg>
</arguments>
<status status="PASS" starttime="20191005 17:49:36.756" endtime="20191005 17:49:37.870"></status>
</kw>
<kw name="Set Window Size" library="SeleniumLibrary">
<doc>Sets current windows size to given ``width`` and ``height``.</doc>
<arguments>
<arg>767</arg>
<arg>600</arg>
</arguments>
<status status="PASS" starttime="20191005 17:49:37.870" endtime="20191005 17:49:37.987"></status>
</kw>
<kw name="Go To" library="SeleniumLibrary">
<doc>Navigates the active browser instance to the provided ``url``.</doc>
<arguments>
<arg>https://www.mobilepractice.io/en/</arg>
</arguments>
<msg timestamp="20191005 17:49:37.988" level="INFO">Opening url 'https://www.mobilepractice.io/en/'</msg>
<status status="PASS" starttime="20191005 17:49:37.988" endtime="20191005 17:49:41.615"></status>
</kw>
<kw name="Sleep" library="BuiltIn">
<doc>Pauses the test executed for the given time.</doc>
<arguments>
<arg>5s</arg>
</arguments>
<msg timestamp="20191005 17:49:46.619" level="INFO">Slept 5 seconds</msg>
<status status="PASS" starttime="20191005 17:49:41.617" endtime="20191005 17:49:46.619"></status>
</kw>
<kw name="Capture Page Screenshot" library="SeleniumLibrary">
<doc>Takes screenshot of the current page and embeds it into log file.</doc>
<arguments>
<arg>selenium-screenshot-{index}.png</arg>
</arguments>
<msg timestamp="20191005 17:49:46.999" level="INFO" html="yes">&lt;/td&gt;&lt;/tr&gt;&lt;tr&gt;&lt;td colspan="3"&gt;&lt;a href="selenium-screenshot-1.png"&gt;&lt;img src="selenium-screenshot-1.png" width="800px"&gt;&lt;/a&gt;</msg>
<status status="PASS" starttime="20191005 17:49:46.620" endtime="20191005 17:49:46.999"></status>
</kw>
<kw name="Close Browser" library="SeleniumLibrary">
<doc>Closes the current browser.</doc>
<status status="PASS" starttime="20191005 17:49:47.000" endtime="20191005 17:49:49.322"></status>
</kw>
<status status="PASS" starttime="20191005 17:49:29.105" endtime="20191005 17:49:49.323" critical="yes"></status>
</test>
<test id="s1-t2" name="002 Concatenar">
<kw name="Catenate" library="BuiltIn">
<doc>Catenates the given items together and returns the resulted string.</doc>
<arguments>
<arg>This is a long string</arg>
<arg>that will be concatenated</arg>
</arguments>
<assign>
<var>${long var}</var>
</assign>
<msg timestamp="20191005 17:49:49.327" level="INFO">${long var} = This is a long string that will be concatenated</msg>
<status status="PASS" starttime="20191005 17:49:49.327" endtime="20191005 17:49:49.327"></status>
</kw>
<kw name="Log To Console" library="BuiltIn">
<doc>Logs the given message to the console.</doc>
<arguments>
<arg>${long var}</arg>
</arguments>
<status status="PASS" starttime="20191005 17:49:49.328" endtime="20191005 17:49:49.328"></status>
</kw>
<status status="PASS" starttime="20191005 17:49:49.326" endtime="20191005 17:49:49.330" critical="yes"></status>
</test>
<status status="PASS" starttime="20191005 17:49:28.794" endtime="20191005 17:49:49.336"></status>
</suite>
<statistics>
<total>
<stat pass="2" fail="0">Critical Tests</stat>
<stat pass="2" fail="0">All Tests</stat>
</total>
<tag>
</tag>
<suite>
<stat pass="2" fail="0" id="s1" name="Test">Test</stat>
</suite>
</statistics>
<errors>
</errors>
</robot>
