<?xml version="1.0" encoding="UTF-8"?>
<robot generator="Robot 3.1.2 (Python 3.6.5 on win32)" generated="20190922 20:05:35.020" rpa="false">
<suite id="s1" name="Test" source="C:\development\Ejer\Test_Arguments\test.robot">
<test id="s1-t1" name="My Test">
<kw name="Log" library="BuiltIn">
<doc>Logs the given message with the given level.</doc>
<arguments>
<arg>${MESSAGE}</arg>
</arguments>
<msg timestamp="20190922 20:05:35.067" level="INFO">Hello, world!</msg>
<status status="PASS" starttime="20190922 20:05:35.066" endtime="20190922 20:05:35.067"></status>
</kw>
<kw name="My Keyword">
<arguments>
<arg>/windows</arg>
</arguments>
<kw name="Directory Should Exist" library="OperatingSystem">
<doc>Fails unless the given path points to an existing directory.</doc>
<arguments>
<arg>${path}</arg>
</arguments>
<msg timestamp="20190922 20:05:35.068" level="INFO" html="yes">Directory '&lt;a href="file://C:\windows"&gt;C:\windows&lt;/a&gt;' exists.</msg>
<status status="PASS" starttime="20190922 20:05:35.068" endtime="20190922 20:05:35.068"></status>
</kw>
<status status="PASS" starttime="20190922 20:05:35.067" endtime="20190922 20:05:35.069"></status>
</kw>
<doc>Example test</doc>
<status status="PASS" starttime="20190922 20:05:35.066" endtime="20190922 20:05:35.069" critical="yes"></status>
</test>
<test id="s1-t2" name="Another Test">
<kw name="Should Be Equal" library="BuiltIn">
<doc>Fails if the given objects are unequal.</doc>
<arguments>
<arg>${MESSAGE}</arg>
<arg>Hello, world!</arg>
</arguments>
<status status="PASS" starttime="20190922 20:05:35.071" endtime="20190922 20:05:35.072"></status>
</kw>
<status status="PASS" starttime="20190922 20:05:35.070" endtime="20190922 20:05:35.072" critical="yes"></status>
</test>
<status status="PASS" starttime="20190922 20:05:35.023" endtime="20190922 20:05:35.073"></status>
</suite>
<statistics>
<total>
<stat pass="2" fail="0">Critical Tests</stat>
<stat pass="2" fail="0">All Tests</stat>
</total>
<tag>
</tag>
<suite>
<stat pass="2" fail="0" id="s1" name="Test">Test</stat>
</suite>
</statistics>
<errors>
</errors>
</robot>
