<?xml version="1.0" encoding="UTF-8"?>
<robot generator="Robot 3.1.2 (Python 3.6.5 on win32)" generated="20190923 15:12:31.345" rpa="false">
<suite id="s1" name="Locator" source="C:\development\Ejer\Test_Locator\locator.robot">
<test id="s1-t1" name="L001 Ejemplo Locator CSS">
<kw name="Abrir Navegador" library="recursos">
<kw name="Open Browser" library="SeleniumLibrary">
<doc>Opens a new browser instance to the given ``url``.</doc>
<arguments>
<arg>${URL}</arg>
<arg>${Navegador}</arg>
</arguments>
<msg timestamp="20190923 15:12:31.629" level="INFO">Opening browser 'Chrome' to base url 'https://www.toolsqa.com/automation-practice-form/'.</msg>
<status status="PASS" starttime="20190923 15:12:31.629" endtime="20190923 15:12:38.153"></status>
</kw>
<status status="PASS" starttime="20190923 15:12:31.629" endtime="20190923 15:12:38.154"></status>
</kw>
<kw name="Page Should Contain Element" library="SeleniumLibrary">
<doc>Verifies that element ``locator`` is found on the current page.</doc>
<arguments>
<arg>css=button#buttonwithclass</arg>
</arguments>
<msg timestamp="20190923 15:12:38.170" level="INFO">Current page contains element 'css=button#buttonwithclass'.</msg>
<status status="PASS" starttime="20190923 15:12:38.154" endtime="20190923 15:12:38.170"></status>
</kw>
<kw name="Close Browser" library="SeleniumLibrary">
<doc>Closes the current browser.</doc>
<status status="PASS" starttime="20190923 15:12:38.170" endtime="20190923 15:12:40.323"></status>
</kw>
<status status="PASS" starttime="20190923 15:12:31.629" endtime="20190923 15:12:40.325" critical="yes"></status>
</test>
<test id="s1-t2" name="L002 Ejemplo Locator ID">
<kw name="Abrir Navegador" library="recursos">
<kw name="Open Browser" library="SeleniumLibrary">
<doc>Opens a new browser instance to the given ``url``.</doc>
<arguments>
<arg>${URL}</arg>
<arg>${Navegador}</arg>
</arguments>
<msg timestamp="20190923 15:12:40.342" level="INFO">Opening browser 'Chrome' to base url 'https://www.toolsqa.com/automation-practice-form/'.</msg>
<status status="PASS" starttime="20190923 15:12:40.339" endtime="20190923 15:12:45.862"></status>
</kw>
<status status="PASS" starttime="20190923 15:12:40.335" endtime="20190923 15:12:45.862"></status>
</kw>
<kw name="Input Text" library="SeleniumLibrary">
<doc>Types the given ``text`` into text field identified by ``locator``.</doc>
<arguments>
<arg>datepicker</arg>
<arg>25/12/2019</arg>
</arguments>
<msg timestamp="20190923 15:12:45.863" level="INFO">Typing text '25/12/2019' into text field 'datepicker'.</msg>
<status status="PASS" starttime="20190923 15:12:45.863" endtime="20190923 15:12:46.189"></status>
</kw>
<kw name="Close Browser" library="SeleniumLibrary">
<doc>Closes the current browser.</doc>
<status status="PASS" starttime="20190923 15:12:46.191" endtime="20190923 15:12:48.678"></status>
</kw>
<status status="PASS" starttime="20190923 15:12:40.331" endtime="20190923 15:12:48.678" critical="yes"></status>
</test>
<test id="s1-t3" name="L003 Ejemplo Locator XPATH">
<kw name="Abrir Navegador" library="recursos">
<kw name="Open Browser" library="SeleniumLibrary">
<doc>Opens a new browser instance to the given ``url``.</doc>
<arguments>
<arg>${URL}</arg>
<arg>${Navegador}</arg>
</arguments>
<msg timestamp="20190923 15:12:48.681" level="INFO">Opening browser 'Chrome' to base url 'https://www.toolsqa.com/automation-practice-form/'.</msg>
<status status="PASS" starttime="20190923 15:12:48.681" endtime="20190923 15:12:56.267"></status>
</kw>
<status status="PASS" starttime="20190923 15:12:48.681" endtime="20190923 15:12:56.267"></status>
</kw>
<kw name="Page Should Contain Element" library="SeleniumLibrary">
<doc>Verifies that element ``locator`` is found on the current page.</doc>
<arguments>
<arg>//*[@id="profession-1"]</arg>
</arguments>
<msg timestamp="20190923 15:12:56.290" level="INFO">Current page contains element '//*[@id="profession-1"]'.</msg>
<status status="PASS" starttime="20190923 15:12:56.268" endtime="20190923 15:12:56.290"></status>
</kw>
<kw name="Close Browser" library="SeleniumLibrary">
<doc>Closes the current browser.</doc>
<status status="PASS" starttime="20190923 15:12:56.291" endtime="20190923 15:12:58.481"></status>
</kw>
<status status="PASS" starttime="20190923 15:12:48.680" endtime="20190923 15:12:58.482" critical="yes"></status>
</test>
<test id="s1-t4" name="L004 Ejemplo Locator Link 1">
<kw name="Abrir Navegador" library="recursos">
<kw name="Open Browser" library="SeleniumLibrary">
<doc>Opens a new browser instance to the given ``url``.</doc>
<arguments>
<arg>${URL}</arg>
<arg>${Navegador}</arg>
</arguments>
<msg timestamp="20190923 15:12:58.486" level="INFO">Opening browser 'Chrome' to base url 'https://www.toolsqa.com/automation-practice-form/'.</msg>
<status status="PASS" starttime="20190923 15:12:58.485" endtime="20190923 15:13:03.777"></status>
</kw>
<status status="PASS" starttime="20190923 15:12:58.484" endtime="20190923 15:13:03.777"></status>
</kw>
<kw name="Sleep" library="BuiltIn">
<doc>Pauses the test executed for the given time.</doc>
<arguments>
<arg>5s</arg>
</arguments>
<msg timestamp="20190923 15:13:08.780" level="INFO">Slept 5 seconds</msg>
<status status="PASS" starttime="20190923 15:13:03.778" endtime="20190923 15:13:08.780"></status>
</kw>
<kw name="Click Element" library="SeleniumLibrary">
<doc>Click element identified by ``locator``.</doc>
<arguments>
<arg>css=a#cookie_action_close_header</arg>
</arguments>
<msg timestamp="20190923 15:13:08.782" level="INFO">Clicking element 'css=a#cookie_action_close_header'.</msg>
<status status="PASS" starttime="20190923 15:13:08.782" endtime="20190923 15:13:13.959"></status>
</kw>
<kw name="Sleep" library="BuiltIn">
<doc>Pauses the test executed for the given time.</doc>
<arguments>
<arg>5s</arg>
</arguments>
<msg timestamp="20190923 15:13:18.961" level="INFO">Slept 5 seconds</msg>
<status status="PASS" starttime="20190923 15:13:13.960" endtime="20190923 15:13:18.961"></status>
</kw>
<kw name="Click Link" library="SeleniumLibrary">
<doc>Clicks a link identified by ``locator``.</doc>
<arguments>
<arg>http://toolsqa.com/automation-practice-form/</arg>
</arguments>
<msg timestamp="20190923 15:13:18.963" level="INFO">Clicking link 'http://toolsqa.com/automation-practice-form/'.</msg>
<status status="PASS" starttime="20190923 15:13:18.962" endtime="20190923 15:13:25.662"></status>
</kw>
<kw name="Close Browser" library="SeleniumLibrary">
<doc>Closes the current browser.</doc>
<status status="PASS" starttime="20190923 15:13:25.662" endtime="20190923 15:13:27.828"></status>
</kw>
<tags>
<tag>link</tag>
</tags>
<status status="PASS" starttime="20190923 15:12:58.483" endtime="20190923 15:13:27.829" critical="yes"></status>
</test>
<test id="s1-t5" name="L005 Ejemplo Locator Link 2">
<kw name="Abrir Navegador" library="recursos">
<kw name="Open Browser" library="SeleniumLibrary">
<doc>Opens a new browser instance to the given ``url``.</doc>
<arguments>
<arg>${URL}</arg>
<arg>${Navegador}</arg>
</arguments>
<msg timestamp="20190923 15:13:27.838" level="INFO">Opening browser 'Chrome' to base url 'https://www.toolsqa.com/automation-practice-form/'.</msg>
<status status="PASS" starttime="20190923 15:13:27.837" endtime="20190923 15:13:33.070"></status>
</kw>
<status status="PASS" starttime="20190923 15:13:27.835" endtime="20190923 15:13:33.071"></status>
</kw>
<kw name="Sleep" library="BuiltIn">
<doc>Pauses the test executed for the given time.</doc>
<arguments>
<arg>5s</arg>
</arguments>
<msg timestamp="20190923 15:13:38.074" level="INFO">Slept 5 seconds</msg>
<status status="PASS" starttime="20190923 15:13:33.072" endtime="20190923 15:13:38.074"></status>
</kw>
<kw name="Click Element" library="SeleniumLibrary">
<doc>Click element identified by ``locator``.</doc>
<arguments>
<arg>css=a#cookie_action_close_header</arg>
</arguments>
<msg timestamp="20190923 15:13:38.075" level="INFO">Clicking element 'css=a#cookie_action_close_header'.</msg>
<status status="PASS" starttime="20190923 15:13:38.074" endtime="20190923 15:13:38.159"></status>
</kw>
<kw name="Sleep" library="BuiltIn">
<doc>Pauses the test executed for the given time.</doc>
<arguments>
<arg>5s</arg>
</arguments>
<msg timestamp="20190923 15:13:43.161" level="INFO">Slept 5 seconds</msg>
<status status="PASS" starttime="20190923 15:13:38.160" endtime="20190923 15:13:43.162"></status>
</kw>
<kw name="Click Link" library="SeleniumLibrary">
<doc>Clicks a link identified by ``locator``.</doc>
<arguments>
<arg>//a[@href='http://toolsqa.com/automation-practice-form/']</arg>
</arguments>
<msg timestamp="20190923 15:13:43.165" level="INFO">Clicking link '//a[@href='http://toolsqa.com/automation-practice-form/']'.</msg>
<status status="PASS" starttime="20190923 15:13:43.164" endtime="20190923 15:13:44.458"></status>
</kw>
<kw name="Close Browser" library="SeleniumLibrary">
<doc>Closes the current browser.</doc>
<status status="PASS" starttime="20190923 15:13:44.459" endtime="20190923 15:13:46.725"></status>
</kw>
<tags>
<tag>link</tag>
</tags>
<status status="PASS" starttime="20190923 15:13:27.833" endtime="20190923 15:13:46.727" critical="yes"></status>
</test>
<doc>Examples with locators en robotframework</doc>
<status status="PASS" starttime="20190923 15:12:31.348" endtime="20190923 15:13:46.734"></status>
</suite>
<statistics>
<total>
<stat pass="5" fail="0">Critical Tests</stat>
<stat pass="5" fail="0">All Tests</stat>
</total>
<tag>
<stat pass="2" fail="0">link</stat>
</tag>
<suite>
<stat pass="5" fail="0" id="s1" name="Locator">Locator</stat>
</suite>
</statistics>
<errors>
</errors>
</robot>
